<?xml version="1.0" encoding="UTF-8"?>
<testsuite xmlns:xsi="http://www.w3.org/2001/XMLSchema-instance" xsi:noNamespaceSchemaLocation="https://maven.apache.org/surefire/maven-surefire-plugin/xsd/surefire-test-report-3.0.xsd" version="3.0" name="com.demoqa.tests.AlertsFrameWindowsTests" time="13.788" tests="3" errors="0" skipped="0" failures="0">
  <properties>
[...]
</properties>
  <testcase name="switchToNewTabTest" classname="com.demoqa.tests.AlertsFrameWindowsTests" time="4.951"/>
  <testcase name="alertWithSelectResultTest" classname="com.demoqa.tests.AlertsFrameWindowsTests" time="4.571"/>
  <testcase name="switchToIframeByIdTest" classname="com.demoqa.tests.AlertsFrameWindowsTests" time="4.215"/>
</testsuite>